--------------------------------------------------------------------------------
Release 14.7 Trace  (nt)
Copyright (c) 1995-2013 Xilinx, Inc.  All rights reserved.

C:\Xilinx\14.7\ISE_DS\ISE\bin\nt\unwrapped\trce.exe -intstyle ise -v 3 -s 3 -n
3 -fastpaths -xml SOCMF.twx SOCMF.ncd -o SOCMF.twr SOCMF.pcf -ucf SOCMFucf.ucf

Design file:              SOCMF.ncd
Physical constraint file: SOCMF.pcf
Device,package,speed:     xc6slx16,csg324,C,-3 (PRODUCTION 1.23 2013-10-13)
Report level:             verbose report

Environment Variable      Effect 
--------------------      ------ 
NONE                      No environment variables were set
--------------------------------------------------------------------------------

INFO:Timing:2698 - No timing constraints found, doing default enumeration.
INFO:Timing:3412 - To improve timing, see the Timing Closure User Guide (UG612).
INFO:Timing:2752 - To get complete path coverage, use the unconstrained paths 
   option. All paths that are not constrained will be reported in the 
   unconstrained paths section(s) of the report.
INFO:Timing:3339 - The clock-to-out numbers in this timing report are based on 
   a 50 Ohm transmission line loading model.  For the details of this model, 
   and for more information on accounting for different loading conditions, 
   please see the device datasheet.



Data Sheet report:
-----------------
All values displayed in nanoseconds (ns)

Setup/Hold to clock clk_100mhz
------------+------------+------------+------------+------------+------------------+--------+
            |Max Setup to|  Process   |Max Hold to |  Process   |                  | Clock  |
Source      | clk (edge) |   Corner   | clk (edge) |   Corner   |Internal Clock(s) | Phase  |
------------+------------+------------+------------+------------+------------------+--------+
BTN<0>      |    6.171(R)|      SLOW  |   -0.149(R)|      SLOW  |clk_100mhz_BUFGP  |   0.000|
BTN<1>      |    7.084(R)|      SLOW  |   -0.912(R)|      SLOW  |clk_100mhz_BUFGP  |   0.000|
BTN<2>      |    5.605(R)|      SLOW  |   -0.095(R)|      SLOW  |clk_100mhz_BUFGP  |   0.000|
BTN<3>      |    6.262(R)|      SLOW  |   -0.309(R)|      SLOW  |clk_100mhz_BUFGP  |   0.000|
SW<0>       |    8.902(R)|      SLOW  |    0.198(R)|      SLOW  |clk_100mhz_BUFGP  |   0.000|
SW<1>       |    8.614(R)|      SLOW  |    0.134(R)|      SLOW  |clk_100mhz_BUFGP  |   0.000|
SW<2>       |    8.624(R)|      SLOW  |    0.135(R)|      SLOW  |clk_100mhz_BUFGP  |   0.000|
SW<3>       |    8.951(R)|      SLOW  |   -0.412(R)|      SLOW  |clk_100mhz_BUFGP  |   0.000|
SW<4>       |    8.286(R)|      SLOW  |    0.014(R)|      SLOW  |clk_100mhz_BUFGP  |   0.000|
SW<5>       |    8.232(R)|      SLOW  |   -0.062(R)|      SLOW  |clk_100mhz_BUFGP  |   0.000|
SW<6>       |    8.033(R)|      SLOW  |    0.161(R)|      SLOW  |clk_100mhz_BUFGP  |   0.000|
SW<7>       |    8.560(R)|      SLOW  |   -0.252(R)|      SLOW  |clk_100mhz_BUFGP  |   0.000|
------------+------------+------------+------------+------------+------------------+--------+

Clock clk_100mhz to Pad
------------+-----------------+------------+-----------------+------------+------------------+--------+
            |Max (slowest) clk|  Process   |Min (fastest) clk|  Process   |                  | Clock  |
Destination |  (edge) to PAD  |   Corner   |  (edge) to PAD  |   Corner   |Internal Clock(s) | Phase  |
------------+-----------------+------------+-----------------+------------+------------------+--------+
AN<0>       |         9.332(R)|      SLOW  |         4.865(R)|      FAST  |clk_100mhz_BUFGP  |   0.000|
AN<1>       |         9.464(R)|      SLOW  |         4.885(R)|      FAST  |clk_100mhz_BUFGP  |   0.000|
AN<2>       |         9.030(R)|      SLOW  |         4.921(R)|      FAST  |clk_100mhz_BUFGP  |   0.000|
AN<3>       |         9.204(R)|      SLOW  |         5.034(R)|      FAST  |clk_100mhz_BUFGP  |   0.000|
BLUE<0>     |        23.985(F)|      SLOW  |         6.949(F)|      FAST  |clk_100mhz_BUFGP  |   0.000|
BLUE<1>     |        23.382(F)|      SLOW  |         7.251(F)|      FAST  |clk_100mhz_BUFGP  |   0.000|
GREEN<0>    |        23.418(F)|      SLOW  |         6.872(F)|      FAST  |clk_100mhz_BUFGP  |   0.000|
GREEN<1>    |        24.075(F)|      SLOW  |         7.306(F)|      FAST  |clk_100mhz_BUFGP  |   0.000|
GREEN<2>    |        24.419(F)|      SLOW  |         7.091(F)|      FAST  |clk_100mhz_BUFGP  |   0.000|
RED<0>      |        24.809(F)|      SLOW  |         7.961(F)|      FAST  |clk_100mhz_BUFGP  |   0.000|
RED<1>      |        24.201(F)|      SLOW  |         7.471(F)|      FAST  |clk_100mhz_BUFGP  |   0.000|
RED<2>      |        24.361(F)|      SLOW  |         6.731(F)|      FAST  |clk_100mhz_BUFGP  |   0.000|
SEGMENT<0>  |        11.693(R)|      SLOW  |         5.069(R)|      FAST  |clk_100mhz_BUFGP  |   0.000|
SEGMENT<1>  |        11.984(R)|      SLOW  |         5.293(R)|      FAST  |clk_100mhz_BUFGP  |   0.000|
SEGMENT<2>  |        12.109(R)|      SLOW  |         5.342(R)|      FAST  |clk_100mhz_BUFGP  |   0.000|
SEGMENT<3>  |        12.189(R)|      SLOW  |         5.338(R)|      FAST  |clk_100mhz_BUFGP  |   0.000|
SEGMENT<4>  |        12.464(R)|      SLOW  |         5.529(R)|      FAST  |clk_100mhz_BUFGP  |   0.000|
SEGMENT<5>  |        12.020(R)|      SLOW  |         4.990(R)|      FAST  |clk_100mhz_BUFGP  |   0.000|
SEGMENT<6>  |        12.006(R)|      SLOW  |         5.231(R)|      FAST  |clk_100mhz_BUFGP  |   0.000|
SEGMENT<7>  |        10.536(R)|      SLOW  |         5.234(R)|      FAST  |clk_100mhz_BUFGP  |   0.000|
------------+-----------------+------------+-----------------+------------+------------------+--------+

Clock to Setup on destination clock clk_100mhz
---------------+---------+---------+---------+---------+
               | Src:Rise| Src:Fall| Src:Rise| Src:Fall|
Source Clock   |Dest:Rise|Dest:Rise|Dest:Fall|Dest:Fall|
---------------+---------+---------+---------+---------+
clk_100mhz     |    8.910|         |    6.131|    6.863|
---------------+---------+---------+---------+---------+


Analysis completed Mon Aug 31 21:48:45 2015 
--------------------------------------------------------------------------------

Trace Settings:
-------------------------
Trace Settings 

Peak Memory Usage: 201 MB



